<?xml version="1.0" encoding="UTF-8"?>
<!-- Generated by org.testng.reporters.JUnitXMLReporter -->
<testsuite ignored="0" hostname="LAPTOP-3AVIUJKL" failures="0" tests="15" name="Test" time="108.386" errors="0" timestamp="2024-07-03T11:51:10 IST">
  <testcase classname="Tasks.Customer" name="create_Customer" time="4.924"/>
  <testcase classname="Tasks.Customer" name="create_Customer" time="4.799"/>
  <testcase classname="Tasks.Customer" name="create_Customer" time="4.665"/>
  <testcase classname="Tasks.Customer" name="create_Customer" time="4.675"/>
  <testcase classname="Tasks.Customer" name="create_Customer" time="4.657"/>
  <testcase classname="Tasks.Customer" name="create_Customer" time="4.669"/>
  <testcase classname="Tasks.Customer" name="create_Customer" time="4.619"/>
  <testcase classname="Tasks.Customer" name="create_Customer" time="4.619"/>
  <testcase classname="Tasks.Customer" name="create_Customer" time="4.641"/>
  <testcase classname="Tasks.Customer" name="create_Customer" time="4.629"/>
  <testcase classname="Tasks.Customer" name="create_Customer" time="4.655"/>
  <testcase classname="Tasks.Customer" name="create_Customer" time="4.672"/>
  <testcase classname="Tasks.Customer" name="create_Customer" time="4.64"/>
  <testcase classname="Tasks.Customer" name="create_Customer" time="4.695"/>
  <testcase classname="Tasks.Customer" name="create_Customer" time="4.625"/>
</testsuite> <!-- Test -->
