<?xml version="1.0" encoding="UTF-8"?>
<!-- Generated by org.testng.reporters.JUnitXMLReporter -->
<testsuite ignored="0" hostname="LAPTOP-3AVIUJKL" failures="0" tests="15" name="Test" time="52.643" errors="0" timestamp="2024-07-10T17:33:52 IST">
  <testcase classname="Tasks.Customer" name="create_Customer" time="1.411"/>
  <testcase classname="Tasks.Customer" name="create_Customer" time="0.849"/>
  <testcase classname="Tasks.Customer" name="create_Customer" time="0.851"/>
  <testcase classname="Tasks.Customer" name="create_Customer" time="0.947"/>
  <testcase classname="Tasks.Customer" name="create_Customer" time="0.742"/>
  <testcase classname="Tasks.Customer" name="create_Customer" time="0.735"/>
  <testcase classname="Tasks.Customer" name="create_Customer" time="0.741"/>
  <testcase classname="Tasks.Customer" name="create_Customer" time="0.77"/>
  <testcase classname="Tasks.Customer" name="create_Customer" time="0.701"/>
  <testcase classname="Tasks.Customer" name="create_Customer" time="0.71"/>
  <testcase classname="Tasks.Customer" name="create_Customer" time="0.706"/>
  <testcase classname="Tasks.Customer" name="create_Customer" time="0.713"/>
  <testcase classname="Tasks.Customer" name="create_Customer" time="0.696"/>
  <testcase classname="Tasks.Customer" name="create_Customer" time="0.745"/>
  <testcase classname="Tasks.Customer" name="create_Customer" time="0.713"/>
</testsuite> <!-- Test -->
