<?xml version="1.0" encoding="UTF-8"?>
<testng-results ignored="0" total="15" passed="15" failed="0" skipped="0">
  <reporter-output>
  </reporter-output>
  <suite started-at="2024-07-10T17:32:59 IST" name="Suite" finished-at="2024-07-10T17:33:52 IST" duration-ms="52643">
    <groups>
    </groups>
    <test started-at="2024-07-10T17:32:59 IST" name="Test" finished-at="2024-07-10T17:33:52 IST" duration-ms="52643">
      <class name="Tasks.Customer">
        <test-method is-config="true" signature="launchbrowser(java.lang.String)[pri:0, instance:Tasks.Customer@1ca3b418]" started-at="2024-07-10T17:32:59 IST" name="launchbrowser" finished-at="2024-07-10T17:33:05 IST" duration-ms="5647" status="PASS">
          <params>
            <param index="0">
              <value>
                <![CDATA[chrome]]>
              </value>
            </param>
          </params>
          <reporter-output>
          </reporter-output>
        </test-method> <!-- launchbrowser -->
        <test-method is-config="true" signature="login(java.lang.String,java.lang.String,java.lang.String)[pri:0, instance:Tasks.Customer@1ca3b418]" started-at="2024-07-10T17:33:06 IST" name="login" finished-at="2024-07-10T17:33:09 IST" duration-ms="2852" status="PASS">
          <params>
            <param index="0">
              <value>
                <![CDATA[http://127.0.0.1/login.do]]>
              </value>
            </param>
            <param index="1">
              <value>
                <![CDATA[admin]]>
              </value>
            </param>
            <param index="2">
              <value>
                <![CDATA[manager]]>
              </value>
            </param>
          </params>
          <reporter-output>
          </reporter-output>
        </test-method> <!-- login -->
        <test-method signature="create_Customer(java.lang.String,java.lang.String)[pri:0, instance:Tasks.Customer@1ca3b418]" started-at="2024-07-10T17:33:09 IST" name="create_Customer" data-provider="createcustomer" finished-at="2024-07-10T17:33:10 IST" duration-ms="1411" status="PASS">
          <params>
            <param index="0">
              <value>
                <![CDATA[Intel1]]>
              </value>
            </param>
            <param index="1">
              <value>
                <![CDATA[Servicebased1]]>
              </value>
            </param>
          </params>
          <reporter-output>
          </reporter-output>
        </test-method> <!-- create_Customer -->
        <test-method is-config="true" signature="logout()[pri:0, instance:Tasks.Customer@1ca3b418]" started-at="2024-07-10T17:33:10 IST" name="logout" finished-at="2024-07-10T17:33:10 IST" duration-ms="78" status="PASS">
          <reporter-output>
          </reporter-output>
        </test-method> <!-- logout -->
        <test-method is-config="true" signature="login(java.lang.String,java.lang.String,java.lang.String)[pri:0, instance:Tasks.Customer@1ca3b418]" started-at="2024-07-10T17:33:10 IST" name="login" finished-at="2024-07-10T17:33:12 IST" duration-ms="2152" status="PASS">
          <params>
            <param index="0">
              <value>
                <![CDATA[http://127.0.0.1/login.do]]>
              </value>
            </param>
            <param index="1">
              <value>
                <![CDATA[admin]]>
              </value>
            </param>
            <param index="2">
              <value>
                <![CDATA[manager]]>
              </value>
            </param>
          </params>
          <reporter-output>
          </reporter-output>
        </test-method> <!-- login -->
        <test-method signature="create_Customer(java.lang.String,java.lang.String)[pri:0, instance:Tasks.Customer@1ca3b418]" started-at="2024-07-10T17:33:12 IST" name="create_Customer" data-provider="createcustomer" finished-at="2024-07-10T17:33:13 IST" duration-ms="849" status="PASS">
          <params>
            <param index="0">
              <value>
                <![CDATA[Intel2]]>
              </value>
            </param>
            <param index="1">
              <value>
                <![CDATA[Servicebased2]]>
              </value>
            </param>
          </params>
          <reporter-output>
          </reporter-output>
        </test-method> <!-- create_Customer -->
        <test-method is-config="true" signature="logout()[pri:0, instance:Tasks.Customer@1ca3b418]" started-at="2024-07-10T17:33:13 IST" name="logout" finished-at="2024-07-10T17:33:13 IST" duration-ms="82" status="PASS">
          <reporter-output>
          </reporter-output>
        </test-method> <!-- logout -->
        <test-method is-config="true" signature="login(java.lang.String,java.lang.String,java.lang.String)[pri:0, instance:Tasks.Customer@1ca3b418]" started-at="2024-07-10T17:33:13 IST" name="login" finished-at="2024-07-10T17:33:15 IST" duration-ms="2163" status="PASS">
          <params>
            <param index="0">
              <value>
                <![CDATA[http://127.0.0.1/login.do]]>
              </value>
            </param>
            <param index="1">
              <value>
                <![CDATA[admin]]>
              </value>
            </param>
            <param index="2">
              <value>
                <![CDATA[manager]]>
              </value>
            </param>
          </params>
          <reporter-output>
          </reporter-output>
        </test-method> <!-- login -->
        <test-method signature="create_Customer(java.lang.String,java.lang.String)[pri:0, instance:Tasks.Customer@1ca3b418]" started-at="2024-07-10T17:33:15 IST" name="create_Customer" data-provider="createcustomer" finished-at="2024-07-10T17:33:16 IST" duration-ms="851" status="PASS">
          <params>
            <param index="0">
              <value>
                <![CDATA[Intel3]]>
              </value>
            </param>
            <param index="1">
              <value>
                <![CDATA[Servicebased3]]>
              </value>
            </param>
          </params>
          <reporter-output>
          </reporter-output>
        </test-method> <!-- create_Customer -->
        <test-method is-config="true" signature="logout()[pri:0, instance:Tasks.Customer@1ca3b418]" started-at="2024-07-10T17:33:16 IST" name="logout" finished-at="2024-07-10T17:33:16 IST" duration-ms="79" status="PASS">
          <reporter-output>
          </reporter-output>
        </test-method> <!-- logout -->
        <test-method is-config="true" signature="login(java.lang.String,java.lang.String,java.lang.String)[pri:0, instance:Tasks.Customer@1ca3b418]" started-at="2024-07-10T17:33:16 IST" name="login" finished-at="2024-07-10T17:33:18 IST" duration-ms="2178" status="PASS">
          <params>
            <param index="0">
              <value>
                <![CDATA[http://127.0.0.1/login.do]]>
              </value>
            </param>
            <param index="1">
              <value>
                <![CDATA[admin]]>
              </value>
            </param>
            <param index="2">
              <value>
                <![CDATA[manager]]>
              </value>
            </param>
          </params>
          <reporter-output>
          </reporter-output>
        </test-method> <!-- login -->
        <test-method signature="create_Customer(java.lang.String,java.lang.String)[pri:0, instance:Tasks.Customer@1ca3b418]" started-at="2024-07-10T17:33:18 IST" name="create_Customer" data-provider="createcustomer" finished-at="2024-07-10T17:33:19 IST" duration-ms="947" status="PASS">
          <params>
            <param index="0">
              <value>
                <![CDATA[Intel4]]>
              </value>
            </param>
            <param index="1">
              <value>
                <![CDATA[Servicebased4]]>
              </value>
            </param>
          </params>
          <reporter-output>
          </reporter-output>
        </test-method> <!-- create_Customer -->
        <test-method is-config="true" signature="logout()[pri:0, instance:Tasks.Customer@1ca3b418]" started-at="2024-07-10T17:33:19 IST" name="logout" finished-at="2024-07-10T17:33:19 IST" duration-ms="80" status="PASS">
          <reporter-output>
          </reporter-output>
        </test-method> <!-- logout -->
        <test-method is-config="true" signature="login(java.lang.String,java.lang.String,java.lang.String)[pri:0, instance:Tasks.Customer@1ca3b418]" started-at="2024-07-10T17:33:19 IST" name="login" finished-at="2024-07-10T17:33:22 IST" duration-ms="2171" status="PASS">
          <params>
            <param index="0">
              <value>
                <![CDATA[http://127.0.0.1/login.do]]>
              </value>
            </param>
            <param index="1">
              <value>
                <![CDATA[admin]]>
              </value>
            </param>
            <param index="2">
              <value>
                <![CDATA[manager]]>
              </value>
            </param>
          </params>
          <reporter-output>
          </reporter-output>
        </test-method> <!-- login -->
        <test-method signature="create_Customer(java.lang.String,java.lang.String)[pri:0, instance:Tasks.Customer@1ca3b418]" started-at="2024-07-10T17:33:22 IST" name="create_Customer" data-provider="createcustomer" finished-at="2024-07-10T17:33:22 IST" duration-ms="742" status="PASS">
          <params>
            <param index="0">
              <value>
                <![CDATA[Intel5]]>
              </value>
            </param>
            <param index="1">
              <value>
                <![CDATA[Servicebased5]]>
              </value>
            </param>
          </params>
          <reporter-output>
          </reporter-output>
        </test-method> <!-- create_Customer -->
        <test-method is-config="true" signature="logout()[pri:0, instance:Tasks.Customer@1ca3b418]" started-at="2024-07-10T17:33:22 IST" name="logout" finished-at="2024-07-10T17:33:22 IST" duration-ms="65" status="PASS">
          <reporter-output>
          </reporter-output>
        </test-method> <!-- logout -->
        <test-method is-config="true" signature="login(java.lang.String,java.lang.String,java.lang.String)[pri:0, instance:Tasks.Customer@1ca3b418]" started-at="2024-07-10T17:33:22 IST" name="login" finished-at="2024-07-10T17:33:25 IST" duration-ms="2168" status="PASS">
          <params>
            <param index="0">
              <value>
                <![CDATA[http://127.0.0.1/login.do]]>
              </value>
            </param>
            <param index="1">
              <value>
                <![CDATA[admin]]>
              </value>
            </param>
            <param index="2">
              <value>
                <![CDATA[manager]]>
              </value>
            </param>
          </params>
          <reporter-output>
          </reporter-output>
        </test-method> <!-- login -->
        <test-method signature="create_Customer(java.lang.String,java.lang.String)[pri:0, instance:Tasks.Customer@1ca3b418]" started-at="2024-07-10T17:33:25 IST" name="create_Customer" data-provider="createcustomer" finished-at="2024-07-10T17:33:25 IST" duration-ms="735" status="PASS">
          <params>
            <param index="0">
              <value>
                <![CDATA[Intel6]]>
              </value>
            </param>
            <param index="1">
              <value>
                <![CDATA[Servicebased6]]>
              </value>
            </param>
          </params>
          <reporter-output>
          </reporter-output>
        </test-method> <!-- create_Customer -->
        <test-method is-config="true" signature="logout()[pri:0, instance:Tasks.Customer@1ca3b418]" started-at="2024-07-10T17:33:25 IST" name="logout" finished-at="2024-07-10T17:33:25 IST" duration-ms="71" status="PASS">
          <reporter-output>
          </reporter-output>
        </test-method> <!-- logout -->
        <test-method is-config="true" signature="login(java.lang.String,java.lang.String,java.lang.String)[pri:0, instance:Tasks.Customer@1ca3b418]" started-at="2024-07-10T17:33:25 IST" name="login" finished-at="2024-07-10T17:33:28 IST" duration-ms="2153" status="PASS">
          <params>
            <param index="0">
              <value>
                <![CDATA[http://127.0.0.1/login.do]]>
              </value>
            </param>
            <param index="1">
              <value>
                <![CDATA[admin]]>
              </value>
            </param>
            <param index="2">
              <value>
                <![CDATA[manager]]>
              </value>
            </param>
          </params>
          <reporter-output>
          </reporter-output>
        </test-method> <!-- login -->
        <test-method signature="create_Customer(java.lang.String,java.lang.String)[pri:0, instance:Tasks.Customer@1ca3b418]" started-at="2024-07-10T17:33:28 IST" name="create_Customer" data-provider="createcustomer" finished-at="2024-07-10T17:33:28 IST" duration-ms="741" status="PASS">
          <params>
            <param index="0">
              <value>
                <![CDATA[Intel7]]>
              </value>
            </param>
            <param index="1">
              <value>
                <![CDATA[Servicebased7]]>
              </value>
            </param>
          </params>
          <reporter-output>
          </reporter-output>
        </test-method> <!-- create_Customer -->
        <test-method is-config="true" signature="logout()[pri:0, instance:Tasks.Customer@1ca3b418]" started-at="2024-07-10T17:33:28 IST" name="logout" finished-at="2024-07-10T17:33:28 IST" duration-ms="66" status="PASS">
          <reporter-output>
          </reporter-output>
        </test-method> <!-- logout -->
        <test-method is-config="true" signature="login(java.lang.String,java.lang.String,java.lang.String)[pri:0, instance:Tasks.Customer@1ca3b418]" started-at="2024-07-10T17:33:28 IST" name="login" finished-at="2024-07-10T17:33:31 IST" duration-ms="2154" status="PASS">
          <params>
            <param index="0">
              <value>
                <![CDATA[http://127.0.0.1/login.do]]>
              </value>
            </param>
            <param index="1">
              <value>
                <![CDATA[admin]]>
              </value>
            </param>
            <param index="2">
              <value>
                <![CDATA[manager]]>
              </value>
            </param>
          </params>
          <reporter-output>
          </reporter-output>
        </test-method> <!-- login -->
        <test-method signature="create_Customer(java.lang.String,java.lang.String)[pri:0, instance:Tasks.Customer@1ca3b418]" started-at="2024-07-10T17:33:31 IST" name="create_Customer" data-provider="createcustomer" finished-at="2024-07-10T17:33:31 IST" duration-ms="770" status="PASS">
          <params>
            <param index="0">
              <value>
                <![CDATA[Intel8]]>
              </value>
            </param>
            <param index="1">
              <value>
                <![CDATA[Servicebased8]]>
              </value>
            </param>
          </params>
          <reporter-output>
          </reporter-output>
        </test-method> <!-- create_Customer -->
        <test-method is-config="true" signature="logout()[pri:0, instance:Tasks.Customer@1ca3b418]" started-at="2024-07-10T17:33:31 IST" name="logout" finished-at="2024-07-10T17:33:31 IST" duration-ms="76" status="PASS">
          <reporter-output>
          </reporter-output>
        </test-method> <!-- logout -->
        <test-method is-config="true" signature="login(java.lang.String,java.lang.String,java.lang.String)[pri:0, instance:Tasks.Customer@1ca3b418]" started-at="2024-07-10T17:33:31 IST" name="login" finished-at="2024-07-10T17:33:34 IST" duration-ms="2153" status="PASS">
          <params>
            <param index="0">
              <value>
                <![CDATA[http://127.0.0.1/login.do]]>
              </value>
            </param>
            <param index="1">
              <value>
                <![CDATA[admin]]>
              </value>
            </param>
            <param index="2">
              <value>
                <![CDATA[manager]]>
              </value>
            </param>
          </params>
          <reporter-output>
          </reporter-output>
        </test-method> <!-- login -->
        <test-method signature="create_Customer(java.lang.String,java.lang.String)[pri:0, instance:Tasks.Customer@1ca3b418]" started-at="2024-07-10T17:33:34 IST" name="create_Customer" data-provider="createcustomer" finished-at="2024-07-10T17:33:34 IST" duration-ms="701" status="PASS">
          <params>
            <param index="0">
              <value>
                <![CDATA[Intel9]]>
              </value>
            </param>
            <param index="1">
              <value>
                <![CDATA[Servicebased9]]>
              </value>
            </param>
          </params>
          <reporter-output>
          </reporter-output>
        </test-method> <!-- create_Customer -->
        <test-method is-config="true" signature="logout()[pri:0, instance:Tasks.Customer@1ca3b418]" started-at="2024-07-10T17:33:34 IST" name="logout" finished-at="2024-07-10T17:33:34 IST" duration-ms="77" status="PASS">
          <reporter-output>
          </reporter-output>
        </test-method> <!-- logout -->
        <test-method is-config="true" signature="login(java.lang.String,java.lang.String,java.lang.String)[pri:0, instance:Tasks.Customer@1ca3b418]" started-at="2024-07-10T17:33:34 IST" name="login" finished-at="2024-07-10T17:33:36 IST" duration-ms="2154" status="PASS">
          <params>
            <param index="0">
              <value>
                <![CDATA[http://127.0.0.1/login.do]]>
              </value>
            </param>
            <param index="1">
              <value>
                <![CDATA[admin]]>
              </value>
            </param>
            <param index="2">
              <value>
                <![CDATA[manager]]>
              </value>
            </param>
          </params>
          <reporter-output>
          </reporter-output>
        </test-method> <!-- login -->
        <test-method signature="create_Customer(java.lang.String,java.lang.String)[pri:0, instance:Tasks.Customer@1ca3b418]" started-at="2024-07-10T17:33:36 IST" name="create_Customer" data-provider="createcustomer" finished-at="2024-07-10T17:33:37 IST" duration-ms="710" status="PASS">
          <params>
            <param index="0">
              <value>
                <![CDATA[Intel10]]>
              </value>
            </param>
            <param index="1">
              <value>
                <![CDATA[Servicebased10]]>
              </value>
            </param>
          </params>
          <reporter-output>
          </reporter-output>
        </test-method> <!-- create_Customer -->
        <test-method is-config="true" signature="logout()[pri:0, instance:Tasks.Customer@1ca3b418]" started-at="2024-07-10T17:33:37 IST" name="logout" finished-at="2024-07-10T17:33:37 IST" duration-ms="69" status="PASS">
          <reporter-output>
          </reporter-output>
        </test-method> <!-- logout -->
        <test-method is-config="true" signature="login(java.lang.String,java.lang.String,java.lang.String)[pri:0, instance:Tasks.Customer@1ca3b418]" started-at="2024-07-10T17:33:37 IST" name="login" finished-at="2024-07-10T17:33:39 IST" duration-ms="2153" status="PASS">
          <params>
            <param index="0">
              <value>
                <![CDATA[http://127.0.0.1/login.do]]>
              </value>
            </param>
            <param index="1">
              <value>
                <![CDATA[admin]]>
              </value>
            </param>
            <param index="2">
              <value>
                <![CDATA[manager]]>
              </value>
            </param>
          </params>
          <reporter-output>
          </reporter-output>
        </test-method> <!-- login -->
        <test-method signature="create_Customer(java.lang.String,java.lang.String)[pri:0, instance:Tasks.Customer@1ca3b418]" started-at="2024-07-10T17:33:39 IST" name="create_Customer" data-provider="createcustomer" finished-at="2024-07-10T17:33:40 IST" duration-ms="706" status="PASS">
          <params>
            <param index="0">
              <value>
                <![CDATA[Intel11]]>
              </value>
            </param>
            <param index="1">
              <value>
                <![CDATA[Servicebased11]]>
              </value>
            </param>
          </params>
          <reporter-output>
          </reporter-output>
        </test-method> <!-- create_Customer -->
        <test-method is-config="true" signature="logout()[pri:0, instance:Tasks.Customer@1ca3b418]" started-at="2024-07-10T17:33:40 IST" name="logout" finished-at="2024-07-10T17:33:40 IST" duration-ms="74" status="PASS">
          <reporter-output>
          </reporter-output>
        </test-method> <!-- logout -->
        <test-method is-config="true" signature="login(java.lang.String,java.lang.String,java.lang.String)[pri:0, instance:Tasks.Customer@1ca3b418]" started-at="2024-07-10T17:33:40 IST" name="login" finished-at="2024-07-10T17:33:42 IST" duration-ms="2161" status="PASS">
          <params>
            <param index="0">
              <value>
                <![CDATA[http://127.0.0.1/login.do]]>
              </value>
            </param>
            <param index="1">
              <value>
                <![CDATA[admin]]>
              </value>
            </param>
            <param index="2">
              <value>
                <![CDATA[manager]]>
              </value>
            </param>
          </params>
          <reporter-output>
          </reporter-output>
        </test-method> <!-- login -->
        <test-method signature="create_Customer(java.lang.String,java.lang.String)[pri:0, instance:Tasks.Customer@1ca3b418]" started-at="2024-07-10T17:33:42 IST" name="create_Customer" data-provider="createcustomer" finished-at="2024-07-10T17:33:43 IST" duration-ms="713" status="PASS">
          <params>
            <param index="0">
              <value>
                <![CDATA[Intel12]]>
              </value>
            </param>
            <param index="1">
              <value>
                <![CDATA[Servicebased12]]>
              </value>
            </param>
          </params>
          <reporter-output>
          </reporter-output>
        </test-method> <!-- create_Customer -->
        <test-method is-config="true" signature="logout()[pri:0, instance:Tasks.Customer@1ca3b418]" started-at="2024-07-10T17:33:43 IST" name="logout" finished-at="2024-07-10T17:33:43 IST" duration-ms="65" status="PASS">
          <reporter-output>
          </reporter-output>
        </test-method> <!-- logout -->
        <test-method is-config="true" signature="login(java.lang.String,java.lang.String,java.lang.String)[pri:0, instance:Tasks.Customer@1ca3b418]" started-at="2024-07-10T17:33:43 IST" name="login" finished-at="2024-07-10T17:33:45 IST" duration-ms="2168" status="PASS">
          <params>
            <param index="0">
              <value>
                <![CDATA[http://127.0.0.1/login.do]]>
              </value>
            </param>
            <param index="1">
              <value>
                <![CDATA[admin]]>
              </value>
            </param>
            <param index="2">
              <value>
                <![CDATA[manager]]>
              </value>
            </param>
          </params>
          <reporter-output>
          </reporter-output>
        </test-method> <!-- login -->
        <test-method signature="create_Customer(java.lang.String,java.lang.String)[pri:0, instance:Tasks.Customer@1ca3b418]" started-at="2024-07-10T17:33:45 IST" name="create_Customer" data-provider="createcustomer" finished-at="2024-07-10T17:33:46 IST" duration-ms="696" status="PASS">
          <params>
            <param index="0">
              <value>
                <![CDATA[Intel13]]>
              </value>
            </param>
            <param index="1">
              <value>
                <![CDATA[Servicebased13]]>
              </value>
            </param>
          </params>
          <reporter-output>
          </reporter-output>
        </test-method> <!-- create_Customer -->
        <test-method is-config="true" signature="logout()[pri:0, instance:Tasks.Customer@1ca3b418]" started-at="2024-07-10T17:33:46 IST" name="logout" finished-at="2024-07-10T17:33:46 IST" duration-ms="69" status="PASS">
          <reporter-output>
          </reporter-output>
        </test-method> <!-- logout -->
        <test-method is-config="true" signature="login(java.lang.String,java.lang.String,java.lang.String)[pri:0, instance:Tasks.Customer@1ca3b418]" started-at="2024-07-10T17:33:46 IST" name="login" finished-at="2024-07-10T17:33:48 IST" duration-ms="2171" status="PASS">
          <params>
            <param index="0">
              <value>
                <![CDATA[http://127.0.0.1/login.do]]>
              </value>
            </param>
            <param index="1">
              <value>
                <![CDATA[admin]]>
              </value>
            </param>
            <param index="2">
              <value>
                <![CDATA[manager]]>
              </value>
            </param>
          </params>
          <reporter-output>
          </reporter-output>
        </test-method> <!-- login -->
        <test-method signature="create_Customer(java.lang.String,java.lang.String)[pri:0, instance:Tasks.Customer@1ca3b418]" started-at="2024-07-10T17:33:48 IST" name="create_Customer" data-provider="createcustomer" finished-at="2024-07-10T17:33:49 IST" duration-ms="745" status="PASS">
          <params>
            <param index="0">
              <value>
                <![CDATA[Intel14]]>
              </value>
            </param>
            <param index="1">
              <value>
                <![CDATA[Servicebased14]]>
              </value>
            </param>
          </params>
          <reporter-output>
          </reporter-output>
        </test-method> <!-- create_Customer -->
        <test-method is-config="true" signature="logout()[pri:0, instance:Tasks.Customer@1ca3b418]" started-at="2024-07-10T17:33:49 IST" name="logout" finished-at="2024-07-10T17:33:49 IST" duration-ms="69" status="PASS">
          <reporter-output>
          </reporter-output>
        </test-method> <!-- logout -->
        <test-method is-config="true" signature="login(java.lang.String,java.lang.String,java.lang.String)[pri:0, instance:Tasks.Customer@1ca3b418]" started-at="2024-07-10T17:33:49 IST" name="login" finished-at="2024-07-10T17:33:51 IST" duration-ms="2154" status="PASS">
          <params>
            <param index="0">
              <value>
                <![CDATA[http://127.0.0.1/login.do]]>
              </value>
            </param>
            <param index="1">
              <value>
                <![CDATA[admin]]>
              </value>
            </param>
            <param index="2">
              <value>
                <![CDATA[manager]]>
              </value>
            </param>
          </params>
          <reporter-output>
          </reporter-output>
        </test-method> <!-- login -->
        <test-method signature="create_Customer(java.lang.String,java.lang.String)[pri:0, instance:Tasks.Customer@1ca3b418]" started-at="2024-07-10T17:33:51 IST" name="create_Customer" data-provider="createcustomer" finished-at="2024-07-10T17:33:52 IST" duration-ms="713" status="PASS">
          <params>
            <param index="0">
              <value>
                <![CDATA[Intel15]]>
              </value>
            </param>
            <param index="1">
              <value>
                <![CDATA[Servicebased15]]>
              </value>
            </param>
          </params>
          <reporter-output>
          </reporter-output>
        </test-method> <!-- create_Customer -->
        <test-method is-config="true" signature="logout()[pri:0, instance:Tasks.Customer@1ca3b418]" started-at="2024-07-10T17:33:52 IST" name="logout" finished-at="2024-07-10T17:33:52 IST" duration-ms="77" status="PASS">
          <reporter-output>
          </reporter-output>
        </test-method> <!-- logout -->
        <test-method is-config="true" signature="closebrowser()[pri:0, instance:Tasks.Customer@1ca3b418]" started-at="2024-07-10T17:33:52 IST" name="closebrowser" finished-at="2024-07-10T17:33:52 IST" duration-ms="139" status="PASS">
          <reporter-output>
          </reporter-output>
        </test-method> <!-- closebrowser -->
      </class> <!-- Tasks.Customer -->
    </test> <!-- Test -->
  </suite> <!-- Suite -->
</testng-results>
