<?xml version="1.0" encoding="UTF-8"?>
<testng-results ignored="0" total="15" passed="15" failed="0" skipped="0">
  <reporter-output>
  </reporter-output>
  <suite started-at="2024-07-03T11:49:22 IST" name="Suite" finished-at="2024-07-03T11:51:10 IST" duration-ms="108386">
    <groups>
    </groups>
    <test started-at="2024-07-03T11:49:22 IST" name="Test" finished-at="2024-07-03T11:51:10 IST" duration-ms="108386">
      <class name="Tasks.Customer">
        <test-method is-config="true" signature="launchbrowser(java.lang.String)[pri:0, instance:Tasks.Customer@1ca3b418]" started-at="2024-07-03T11:49:22 IST" name="launchbrowser" finished-at="2024-07-03T11:49:25 IST" duration-ms="3164" status="PASS">
          <params>
            <param index="0">
              <value>
                <![CDATA[chrome]]>
              </value>
            </param>
          </params>
          <reporter-output>
          </reporter-output>
        </test-method> <!-- launchbrowser -->
        <test-method is-config="true" signature="login(java.lang.String,java.lang.String,java.lang.String)[pri:0, instance:Tasks.Customer@1ca3b418]" started-at="2024-07-03T11:49:25 IST" name="login" finished-at="2024-07-03T11:49:28 IST" duration-ms="2737" status="PASS">
          <params>
            <param index="0">
              <value>
                <![CDATA[http://127.0.0.1/login.do]]>
              </value>
            </param>
            <param index="1">
              <value>
                <![CDATA[admin]]>
              </value>
            </param>
            <param index="2">
              <value>
                <![CDATA[manager]]>
              </value>
            </param>
          </params>
          <reporter-output>
          </reporter-output>
        </test-method> <!-- login -->
        <test-method signature="create_Customer(java.lang.String,java.lang.String)[pri:0, instance:Tasks.Customer@1ca3b418]" started-at="2024-07-03T11:49:28 IST" name="create_Customer" data-provider="createcustomer" finished-at="2024-07-03T11:49:33 IST" duration-ms="4924" status="PASS">
          <params>
            <param index="0">
              <value>
                <![CDATA[Google1]]>
              </value>
            </param>
            <param index="1">
              <value>
                <![CDATA[Productbased1]]>
              </value>
            </param>
          </params>
          <reporter-output>
          </reporter-output>
        </test-method> <!-- create_Customer -->
        <test-method is-config="true" signature="logout()[pri:0, instance:Tasks.Customer@1ca3b418]" started-at="2024-07-03T11:49:33 IST" name="logout" finished-at="2024-07-03T11:49:33 IST" duration-ms="98" status="PASS">
          <reporter-output>
          </reporter-output>
        </test-method> <!-- logout -->
        <test-method is-config="true" signature="login(java.lang.String,java.lang.String,java.lang.String)[pri:0, instance:Tasks.Customer@1ca3b418]" started-at="2024-07-03T11:49:33 IST" name="login" finished-at="2024-07-03T11:49:35 IST" duration-ms="2182" status="PASS">
          <params>
            <param index="0">
              <value>
                <![CDATA[http://127.0.0.1/login.do]]>
              </value>
            </param>
            <param index="1">
              <value>
                <![CDATA[admin]]>
              </value>
            </param>
            <param index="2">
              <value>
                <![CDATA[manager]]>
              </value>
            </param>
          </params>
          <reporter-output>
          </reporter-output>
        </test-method> <!-- login -->
        <test-method signature="create_Customer(java.lang.String,java.lang.String)[pri:0, instance:Tasks.Customer@1ca3b418]" started-at="2024-07-03T11:49:35 IST" name="create_Customer" data-provider="createcustomer" finished-at="2024-07-03T11:49:40 IST" duration-ms="4799" status="PASS">
          <params>
            <param index="0">
              <value>
                <![CDATA[Google2]]>
              </value>
            </param>
            <param index="1">
              <value>
                <![CDATA[Productbased2]]>
              </value>
            </param>
          </params>
          <reporter-output>
          </reporter-output>
        </test-method> <!-- create_Customer -->
        <test-method is-config="true" signature="logout()[pri:0, instance:Tasks.Customer@1ca3b418]" started-at="2024-07-03T11:49:40 IST" name="logout" finished-at="2024-07-03T11:49:40 IST" duration-ms="75" status="PASS">
          <reporter-output>
          </reporter-output>
        </test-method> <!-- logout -->
        <test-method is-config="true" signature="login(java.lang.String,java.lang.String,java.lang.String)[pri:0, instance:Tasks.Customer@1ca3b418]" started-at="2024-07-03T11:49:40 IST" name="login" finished-at="2024-07-03T11:49:42 IST" duration-ms="2166" status="PASS">
          <params>
            <param index="0">
              <value>
                <![CDATA[http://127.0.0.1/login.do]]>
              </value>
            </param>
            <param index="1">
              <value>
                <![CDATA[admin]]>
              </value>
            </param>
            <param index="2">
              <value>
                <![CDATA[manager]]>
              </value>
            </param>
          </params>
          <reporter-output>
          </reporter-output>
        </test-method> <!-- login -->
        <test-method signature="create_Customer(java.lang.String,java.lang.String)[pri:0, instance:Tasks.Customer@1ca3b418]" started-at="2024-07-03T11:49:42 IST" name="create_Customer" data-provider="createcustomer" finished-at="2024-07-03T11:49:47 IST" duration-ms="4665" status="PASS">
          <params>
            <param index="0">
              <value>
                <![CDATA[Google3]]>
              </value>
            </param>
            <param index="1">
              <value>
                <![CDATA[Productbased3]]>
              </value>
            </param>
          </params>
          <reporter-output>
          </reporter-output>
        </test-method> <!-- create_Customer -->
        <test-method is-config="true" signature="logout()[pri:0, instance:Tasks.Customer@1ca3b418]" started-at="2024-07-03T11:49:47 IST" name="logout" finished-at="2024-07-03T11:49:47 IST" duration-ms="78" status="PASS">
          <reporter-output>
          </reporter-output>
        </test-method> <!-- logout -->
        <test-method is-config="true" signature="login(java.lang.String,java.lang.String,java.lang.String)[pri:0, instance:Tasks.Customer@1ca3b418]" started-at="2024-07-03T11:49:47 IST" name="login" finished-at="2024-07-03T11:49:49 IST" duration-ms="2164" status="PASS">
          <params>
            <param index="0">
              <value>
                <![CDATA[http://127.0.0.1/login.do]]>
              </value>
            </param>
            <param index="1">
              <value>
                <![CDATA[admin]]>
              </value>
            </param>
            <param index="2">
              <value>
                <![CDATA[manager]]>
              </value>
            </param>
          </params>
          <reporter-output>
          </reporter-output>
        </test-method> <!-- login -->
        <test-method signature="create_Customer(java.lang.String,java.lang.String)[pri:0, instance:Tasks.Customer@1ca3b418]" started-at="2024-07-03T11:49:49 IST" name="create_Customer" data-provider="createcustomer" finished-at="2024-07-03T11:49:54 IST" duration-ms="4675" status="PASS">
          <params>
            <param index="0">
              <value>
                <![CDATA[Google4]]>
              </value>
            </param>
            <param index="1">
              <value>
                <![CDATA[Productbased4]]>
              </value>
            </param>
          </params>
          <reporter-output>
          </reporter-output>
        </test-method> <!-- create_Customer -->
        <test-method is-config="true" signature="logout()[pri:0, instance:Tasks.Customer@1ca3b418]" started-at="2024-07-03T11:49:54 IST" name="logout" finished-at="2024-07-03T11:49:54 IST" duration-ms="83" status="PASS">
          <reporter-output>
          </reporter-output>
        </test-method> <!-- logout -->
        <test-method is-config="true" signature="login(java.lang.String,java.lang.String,java.lang.String)[pri:0, instance:Tasks.Customer@1ca3b418]" started-at="2024-07-03T11:49:54 IST" name="login" finished-at="2024-07-03T11:49:56 IST" duration-ms="2161" status="PASS">
          <params>
            <param index="0">
              <value>
                <![CDATA[http://127.0.0.1/login.do]]>
              </value>
            </param>
            <param index="1">
              <value>
                <![CDATA[admin]]>
              </value>
            </param>
            <param index="2">
              <value>
                <![CDATA[manager]]>
              </value>
            </param>
          </params>
          <reporter-output>
          </reporter-output>
        </test-method> <!-- login -->
        <test-method signature="create_Customer(java.lang.String,java.lang.String)[pri:0, instance:Tasks.Customer@1ca3b418]" started-at="2024-07-03T11:49:56 IST" name="create_Customer" data-provider="createcustomer" finished-at="2024-07-03T11:50:01 IST" duration-ms="4657" status="PASS">
          <params>
            <param index="0">
              <value>
                <![CDATA[Google5]]>
              </value>
            </param>
            <param index="1">
              <value>
                <![CDATA[Productbased5]]>
              </value>
            </param>
          </params>
          <reporter-output>
          </reporter-output>
        </test-method> <!-- create_Customer -->
        <test-method is-config="true" signature="logout()[pri:0, instance:Tasks.Customer@1ca3b418]" started-at="2024-07-03T11:50:01 IST" name="logout" finished-at="2024-07-03T11:50:01 IST" duration-ms="85" status="PASS">
          <reporter-output>
          </reporter-output>
        </test-method> <!-- logout -->
        <test-method is-config="true" signature="login(java.lang.String,java.lang.String,java.lang.String)[pri:0, instance:Tasks.Customer@1ca3b418]" started-at="2024-07-03T11:50:01 IST" name="login" finished-at="2024-07-03T11:50:03 IST" duration-ms="2165" status="PASS">
          <params>
            <param index="0">
              <value>
                <![CDATA[http://127.0.0.1/login.do]]>
              </value>
            </param>
            <param index="1">
              <value>
                <![CDATA[admin]]>
              </value>
            </param>
            <param index="2">
              <value>
                <![CDATA[manager]]>
              </value>
            </param>
          </params>
          <reporter-output>
          </reporter-output>
        </test-method> <!-- login -->
        <test-method signature="create_Customer(java.lang.String,java.lang.String)[pri:0, instance:Tasks.Customer@1ca3b418]" started-at="2024-07-03T11:50:03 IST" name="create_Customer" data-provider="createcustomer" finished-at="2024-07-03T11:50:08 IST" duration-ms="4669" status="PASS">
          <params>
            <param index="0">
              <value>
                <![CDATA[Google6]]>
              </value>
            </param>
            <param index="1">
              <value>
                <![CDATA[Productbased6]]>
              </value>
            </param>
          </params>
          <reporter-output>
          </reporter-output>
        </test-method> <!-- create_Customer -->
        <test-method is-config="true" signature="logout()[pri:0, instance:Tasks.Customer@1ca3b418]" started-at="2024-07-03T11:50:08 IST" name="logout" finished-at="2024-07-03T11:50:08 IST" duration-ms="83" status="PASS">
          <reporter-output>
          </reporter-output>
        </test-method> <!-- logout -->
        <test-method is-config="true" signature="login(java.lang.String,java.lang.String,java.lang.String)[pri:0, instance:Tasks.Customer@1ca3b418]" started-at="2024-07-03T11:50:08 IST" name="login" finished-at="2024-07-03T11:50:10 IST" duration-ms="2163" status="PASS">
          <params>
            <param index="0">
              <value>
                <![CDATA[http://127.0.0.1/login.do]]>
              </value>
            </param>
            <param index="1">
              <value>
                <![CDATA[admin]]>
              </value>
            </param>
            <param index="2">
              <value>
                <![CDATA[manager]]>
              </value>
            </param>
          </params>
          <reporter-output>
          </reporter-output>
        </test-method> <!-- login -->
        <test-method signature="create_Customer(java.lang.String,java.lang.String)[pri:0, instance:Tasks.Customer@1ca3b418]" started-at="2024-07-03T11:50:10 IST" name="create_Customer" data-provider="createcustomer" finished-at="2024-07-03T11:50:15 IST" duration-ms="4619" status="PASS">
          <params>
            <param index="0">
              <value>
                <![CDATA[Google7]]>
              </value>
            </param>
            <param index="1">
              <value>
                <![CDATA[Productbased7]]>
              </value>
            </param>
          </params>
          <reporter-output>
          </reporter-output>
        </test-method> <!-- create_Customer -->
        <test-method is-config="true" signature="logout()[pri:0, instance:Tasks.Customer@1ca3b418]" started-at="2024-07-03T11:50:15 IST" name="logout" finished-at="2024-07-03T11:50:15 IST" duration-ms="75" status="PASS">
          <reporter-output>
          </reporter-output>
        </test-method> <!-- logout -->
        <test-method is-config="true" signature="login(java.lang.String,java.lang.String,java.lang.String)[pri:0, instance:Tasks.Customer@1ca3b418]" started-at="2024-07-03T11:50:15 IST" name="login" finished-at="2024-07-03T11:50:17 IST" duration-ms="2150" status="PASS">
          <params>
            <param index="0">
              <value>
                <![CDATA[http://127.0.0.1/login.do]]>
              </value>
            </param>
            <param index="1">
              <value>
                <![CDATA[admin]]>
              </value>
            </param>
            <param index="2">
              <value>
                <![CDATA[manager]]>
              </value>
            </param>
          </params>
          <reporter-output>
          </reporter-output>
        </test-method> <!-- login -->
        <test-method signature="create_Customer(java.lang.String,java.lang.String)[pri:0, instance:Tasks.Customer@1ca3b418]" started-at="2024-07-03T11:50:17 IST" name="create_Customer" data-provider="createcustomer" finished-at="2024-07-03T11:50:22 IST" duration-ms="4619" status="PASS">
          <params>
            <param index="0">
              <value>
                <![CDATA[Google8]]>
              </value>
            </param>
            <param index="1">
              <value>
                <![CDATA[Productbased8]]>
              </value>
            </param>
          </params>
          <reporter-output>
          </reporter-output>
        </test-method> <!-- create_Customer -->
        <test-method is-config="true" signature="logout()[pri:0, instance:Tasks.Customer@1ca3b418]" started-at="2024-07-03T11:50:22 IST" name="logout" finished-at="2024-07-03T11:50:22 IST" duration-ms="80" status="PASS">
          <reporter-output>
          </reporter-output>
        </test-method> <!-- logout -->
        <test-method is-config="true" signature="login(java.lang.String,java.lang.String,java.lang.String)[pri:0, instance:Tasks.Customer@1ca3b418]" started-at="2024-07-03T11:50:22 IST" name="login" finished-at="2024-07-03T11:50:24 IST" duration-ms="2155" status="PASS">
          <params>
            <param index="0">
              <value>
                <![CDATA[http://127.0.0.1/login.do]]>
              </value>
            </param>
            <param index="1">
              <value>
                <![CDATA[admin]]>
              </value>
            </param>
            <param index="2">
              <value>
                <![CDATA[manager]]>
              </value>
            </param>
          </params>
          <reporter-output>
          </reporter-output>
        </test-method> <!-- login -->
        <test-method signature="create_Customer(java.lang.String,java.lang.String)[pri:0, instance:Tasks.Customer@1ca3b418]" started-at="2024-07-03T11:50:24 IST" name="create_Customer" data-provider="createcustomer" finished-at="2024-07-03T11:50:28 IST" duration-ms="4641" status="PASS">
          <params>
            <param index="0">
              <value>
                <![CDATA[Google9]]>
              </value>
            </param>
            <param index="1">
              <value>
                <![CDATA[Productbased9]]>
              </value>
            </param>
          </params>
          <reporter-output>
          </reporter-output>
        </test-method> <!-- create_Customer -->
        <test-method is-config="true" signature="logout()[pri:0, instance:Tasks.Customer@1ca3b418]" started-at="2024-07-03T11:50:28 IST" name="logout" finished-at="2024-07-03T11:50:28 IST" duration-ms="79" status="PASS">
          <reporter-output>
          </reporter-output>
        </test-method> <!-- logout -->
        <test-method is-config="true" signature="login(java.lang.String,java.lang.String,java.lang.String)[pri:0, instance:Tasks.Customer@1ca3b418]" started-at="2024-07-03T11:50:28 IST" name="login" finished-at="2024-07-03T11:50:31 IST" duration-ms="2159" status="PASS">
          <params>
            <param index="0">
              <value>
                <![CDATA[http://127.0.0.1/login.do]]>
              </value>
            </param>
            <param index="1">
              <value>
                <![CDATA[admin]]>
              </value>
            </param>
            <param index="2">
              <value>
                <![CDATA[manager]]>
              </value>
            </param>
          </params>
          <reporter-output>
          </reporter-output>
        </test-method> <!-- login -->
        <test-method signature="create_Customer(java.lang.String,java.lang.String)[pri:0, instance:Tasks.Customer@1ca3b418]" started-at="2024-07-03T11:50:31 IST" name="create_Customer" data-provider="createcustomer" finished-at="2024-07-03T11:50:35 IST" duration-ms="4629" status="PASS">
          <params>
            <param index="0">
              <value>
                <![CDATA[Google10]]>
              </value>
            </param>
            <param index="1">
              <value>
                <![CDATA[Productbased10]]>
              </value>
            </param>
          </params>
          <reporter-output>
          </reporter-output>
        </test-method> <!-- create_Customer -->
        <test-method is-config="true" signature="logout()[pri:0, instance:Tasks.Customer@1ca3b418]" started-at="2024-07-03T11:50:35 IST" name="logout" finished-at="2024-07-03T11:50:35 IST" duration-ms="83" status="PASS">
          <reporter-output>
          </reporter-output>
        </test-method> <!-- logout -->
        <test-method is-config="true" signature="login(java.lang.String,java.lang.String,java.lang.String)[pri:0, instance:Tasks.Customer@1ca3b418]" started-at="2024-07-03T11:50:35 IST" name="login" finished-at="2024-07-03T11:50:38 IST" duration-ms="2163" status="PASS">
          <params>
            <param index="0">
              <value>
                <![CDATA[http://127.0.0.1/login.do]]>
              </value>
            </param>
            <param index="1">
              <value>
                <![CDATA[admin]]>
              </value>
            </param>
            <param index="2">
              <value>
                <![CDATA[manager]]>
              </value>
            </param>
          </params>
          <reporter-output>
          </reporter-output>
        </test-method> <!-- login -->
        <test-method signature="create_Customer(java.lang.String,java.lang.String)[pri:0, instance:Tasks.Customer@1ca3b418]" started-at="2024-07-03T11:50:38 IST" name="create_Customer" data-provider="createcustomer" finished-at="2024-07-03T11:50:42 IST" duration-ms="4655" status="PASS">
          <params>
            <param index="0">
              <value>
                <![CDATA[Google11]]>
              </value>
            </param>
            <param index="1">
              <value>
                <![CDATA[Productbased11]]>
              </value>
            </param>
          </params>
          <reporter-output>
          </reporter-output>
        </test-method> <!-- create_Customer -->
        <test-method is-config="true" signature="logout()[pri:0, instance:Tasks.Customer@1ca3b418]" started-at="2024-07-03T11:50:42 IST" name="logout" finished-at="2024-07-03T11:50:42 IST" duration-ms="90" status="PASS">
          <reporter-output>
          </reporter-output>
        </test-method> <!-- logout -->
        <test-method is-config="true" signature="login(java.lang.String,java.lang.String,java.lang.String)[pri:0, instance:Tasks.Customer@1ca3b418]" started-at="2024-07-03T11:50:42 IST" name="login" finished-at="2024-07-03T11:50:44 IST" duration-ms="2150" status="PASS">
          <params>
            <param index="0">
              <value>
                <![CDATA[http://127.0.0.1/login.do]]>
              </value>
            </param>
            <param index="1">
              <value>
                <![CDATA[admin]]>
              </value>
            </param>
            <param index="2">
              <value>
                <![CDATA[manager]]>
              </value>
            </param>
          </params>
          <reporter-output>
          </reporter-output>
        </test-method> <!-- login -->
        <test-method signature="create_Customer(java.lang.String,java.lang.String)[pri:0, instance:Tasks.Customer@1ca3b418]" started-at="2024-07-03T11:50:44 IST" name="create_Customer" data-provider="createcustomer" finished-at="2024-07-03T11:50:49 IST" duration-ms="4672" status="PASS">
          <params>
            <param index="0">
              <value>
                <![CDATA[Google12]]>
              </value>
            </param>
            <param index="1">
              <value>
                <![CDATA[Productbased12]]>
              </value>
            </param>
          </params>
          <reporter-output>
          </reporter-output>
        </test-method> <!-- create_Customer -->
        <test-method is-config="true" signature="logout()[pri:0, instance:Tasks.Customer@1ca3b418]" started-at="2024-07-03T11:50:49 IST" name="logout" finished-at="2024-07-03T11:50:49 IST" duration-ms="86" status="PASS">
          <reporter-output>
          </reporter-output>
        </test-method> <!-- logout -->
        <test-method is-config="true" signature="login(java.lang.String,java.lang.String,java.lang.String)[pri:0, instance:Tasks.Customer@1ca3b418]" started-at="2024-07-03T11:50:49 IST" name="login" finished-at="2024-07-03T11:50:51 IST" duration-ms="2174" status="PASS">
          <params>
            <param index="0">
              <value>
                <![CDATA[http://127.0.0.1/login.do]]>
              </value>
            </param>
            <param index="1">
              <value>
                <![CDATA[admin]]>
              </value>
            </param>
            <param index="2">
              <value>
                <![CDATA[manager]]>
              </value>
            </param>
          </params>
          <reporter-output>
          </reporter-output>
        </test-method> <!-- login -->
        <test-method signature="create_Customer(java.lang.String,java.lang.String)[pri:0, instance:Tasks.Customer@1ca3b418]" started-at="2024-07-03T11:50:51 IST" name="create_Customer" data-provider="createcustomer" finished-at="2024-07-03T11:50:56 IST" duration-ms="4640" status="PASS">
          <params>
            <param index="0">
              <value>
                <![CDATA[Google13]]>
              </value>
            </param>
            <param index="1">
              <value>
                <![CDATA[Productbased13]]>
              </value>
            </param>
          </params>
          <reporter-output>
          </reporter-output>
        </test-method> <!-- create_Customer -->
        <test-method is-config="true" signature="logout()[pri:0, instance:Tasks.Customer@1ca3b418]" started-at="2024-07-03T11:50:56 IST" name="logout" finished-at="2024-07-03T11:50:56 IST" duration-ms="87" status="PASS">
          <reporter-output>
          </reporter-output>
        </test-method> <!-- logout -->
        <test-method is-config="true" signature="login(java.lang.String,java.lang.String,java.lang.String)[pri:0, instance:Tasks.Customer@1ca3b418]" started-at="2024-07-03T11:50:56 IST" name="login" finished-at="2024-07-03T11:50:58 IST" duration-ms="2162" status="PASS">
          <params>
            <param index="0">
              <value>
                <![CDATA[http://127.0.0.1/login.do]]>
              </value>
            </param>
            <param index="1">
              <value>
                <![CDATA[admin]]>
              </value>
            </param>
            <param index="2">
              <value>
                <![CDATA[manager]]>
              </value>
            </param>
          </params>
          <reporter-output>
          </reporter-output>
        </test-method> <!-- login -->
        <test-method signature="create_Customer(java.lang.String,java.lang.String)[pri:0, instance:Tasks.Customer@1ca3b418]" started-at="2024-07-03T11:50:58 IST" name="create_Customer" data-provider="createcustomer" finished-at="2024-07-03T11:51:03 IST" duration-ms="4695" status="PASS">
          <params>
            <param index="0">
              <value>
                <![CDATA[Google14]]>
              </value>
            </param>
            <param index="1">
              <value>
                <![CDATA[Productbased14]]>
              </value>
            </param>
          </params>
          <reporter-output>
          </reporter-output>
        </test-method> <!-- create_Customer -->
        <test-method is-config="true" signature="logout()[pri:0, instance:Tasks.Customer@1ca3b418]" started-at="2024-07-03T11:51:03 IST" name="logout" finished-at="2024-07-03T11:51:03 IST" duration-ms="95" status="PASS">
          <reporter-output>
          </reporter-output>
        </test-method> <!-- logout -->
        <test-method is-config="true" signature="login(java.lang.String,java.lang.String,java.lang.String)[pri:0, instance:Tasks.Customer@1ca3b418]" started-at="2024-07-03T11:51:03 IST" name="login" finished-at="2024-07-03T11:51:05 IST" duration-ms="2152" status="PASS">
          <params>
            <param index="0">
              <value>
                <![CDATA[http://127.0.0.1/login.do]]>
              </value>
            </param>
            <param index="1">
              <value>
                <![CDATA[admin]]>
              </value>
            </param>
            <param index="2">
              <value>
                <![CDATA[manager]]>
              </value>
            </param>
          </params>
          <reporter-output>
          </reporter-output>
        </test-method> <!-- login -->
        <test-method signature="create_Customer(java.lang.String,java.lang.String)[pri:0, instance:Tasks.Customer@1ca3b418]" started-at="2024-07-03T11:51:05 IST" name="create_Customer" data-provider="createcustomer" finished-at="2024-07-03T11:51:10 IST" duration-ms="4625" status="PASS">
          <params>
            <param index="0">
              <value>
                <![CDATA[Google15]]>
              </value>
            </param>
            <param index="1">
              <value>
                <![CDATA[Productbased15]]>
              </value>
            </param>
          </params>
          <reporter-output>
          </reporter-output>
        </test-method> <!-- create_Customer -->
        <test-method is-config="true" signature="logout()[pri:0, instance:Tasks.Customer@1ca3b418]" started-at="2024-07-03T11:51:10 IST" name="logout" finished-at="2024-07-03T11:51:10 IST" duration-ms="79" status="PASS">
          <reporter-output>
          </reporter-output>
        </test-method> <!-- logout -->
        <test-method is-config="true" signature="closebrowser()[pri:0, instance:Tasks.Customer@1ca3b418]" started-at="2024-07-03T11:51:10 IST" name="closebrowser" finished-at="2024-07-03T11:51:10 IST" duration-ms="146" status="PASS">
          <reporter-output>
          </reporter-output>
        </test-method> <!-- closebrowser -->
      </class> <!-- Tasks.Customer -->
    </test> <!-- Test -->
  </suite> <!-- Suite -->
</testng-results>
